[debug] [2025-12-08T16:37:35.694Z] ----------------------------------------------------------------------
[debug] [2025-12-08T16:37:35.697Z] Command:       C:\Program Files\nodejs\node.exe C:\Users\corpb\AppData\Roaming\npm\node_modules\firebase-tools\lib\bin\firebase.js deploy
[debug] [2025-12-08T16:37:35.698Z] CLI Version:   14.27.0
[debug] [2025-12-08T16:37:35.698Z] Platform:      win32
[debug] [2025-12-08T16:37:35.698Z] Node Version:  v22.13.1
[debug] [2025-12-08T16:37:35.699Z] Time:          Mon Dec 08 2025 13:37:35 GMT-0300 (Horário Padrão de Brasília)
[debug] [2025-12-08T16:37:35.699Z] ----------------------------------------------------------------------
[debug] 
[debug] [2025-12-08T16:37:35.910Z] > command requires scopes: ["email","openid","https://www.googleapis.com/auth/cloudplatformprojects.readonly","https://www.googleapis.com/auth/firebase","https://www.googleapis.com/auth/cloud-platform"]
[debug] [2025-12-08T16:37:35.911Z] > authorizing via signed-in user (thales051295@gmail.com)
[debug] [2025-12-08T16:37:35.911Z] [iam] checking project inspiramais for permissions ["firebase.projects.get","firebasehosting.sites.update"]
[debug] [2025-12-08T16:37:35.912Z] Checked if tokens are valid: false, expires at: 1765210665218
[debug] [2025-12-08T16:37:35.912Z] Checked if tokens are valid: false, expires at: 1765210665218
[debug] [2025-12-08T16:37:35.912Z] > refreshing access token with scopes: []
[debug] [2025-12-08T16:37:35.914Z] >>> [apiv2][query] POST https://www.googleapis.com/oauth2/v3/token [none]
[debug] [2025-12-08T16:37:35.914Z] >>> [apiv2][body] POST https://www.googleapis.com/oauth2/v3/token [omitted]
[debug] [2025-12-08T16:37:36.136Z] <<< [apiv2][status] POST https://www.googleapis.com/oauth2/v3/token 200
[debug] [2025-12-08T16:37:36.137Z] <<< [apiv2][body] POST https://www.googleapis.com/oauth2/v3/token [omitted]
[debug] [2025-12-08T16:37:36.144Z] >>> [apiv2][query] POST https://cloudresourcemanager.googleapis.com/v1/projects/inspiramais:testIamPermissions [none]
[debug] [2025-12-08T16:37:36.144Z] >>> [apiv2][(partial)header] POST https://cloudresourcemanager.googleapis.com/v1/projects/inspiramais:testIamPermissions x-goog-quota-user=projects/inspiramais
[debug] [2025-12-08T16:37:36.144Z] >>> [apiv2][body] POST https://cloudresourcemanager.googleapis.com/v1/projects/inspiramais:testIamPermissions {"permissions":["firebase.projects.get","firebasehosting.sites.update"]}
[debug] [2025-12-08T16:37:37.200Z] <<< [apiv2][status] POST https://cloudresourcemanager.googleapis.com/v1/projects/inspiramais:testIamPermissions 200
[debug] [2025-12-08T16:37:37.200Z] <<< [apiv2][body] POST https://cloudresourcemanager.googleapis.com/v1/projects/inspiramais:testIamPermissions {}
[debug] [2025-12-08T16:37:37.200Z] [iam] error while checking permissions, command may fail: Authorization failed. This account is missing the following required permissions on project inspiramais:

  firebase.projects.get
  firebasehosting.sites.update
[debug] [2025-12-08T16:37:37.201Z] Checked if tokens are valid: true, expires at: 1765215455137
[debug] [2025-12-08T16:37:37.201Z] Checked if tokens are valid: true, expires at: 1765215455137
[debug] [2025-12-08T16:37:37.201Z] >>> [apiv2][query] GET https://firebase.googleapis.com/v1beta1/projects/inspiramais [none]
[debug] [2025-12-08T16:37:37.728Z] <<< [apiv2][status] GET https://firebase.googleapis.com/v1beta1/projects/inspiramais 403
[debug] [2025-12-08T16:37:37.728Z] <<< [apiv2][body] GET https://firebase.googleapis.com/v1beta1/projects/inspiramais {"error":{"code":403,"message":"The caller does not have permission","status":"PERMISSION_DENIED"}}
[debug] [2025-12-08T16:37:37.728Z] Request to https://firebase.googleapis.com/v1beta1/projects/inspiramais had HTTP Error: 403, The caller does not have permission
[debug] [2025-12-08T16:37:37.881Z] FirebaseError: Request to https://firebase.googleapis.com/v1beta1/projects/inspiramais had HTTP Error: 403, The caller does not have permission
    at responseToError (C:\Users\corpb\AppData\Roaming\npm\node_modules\firebase-tools\lib\responseToError.js:53:12)
    at RetryOperation._fn (C:\Users\corpb\AppData\Roaming\npm\node_modules\firebase-tools\lib\apiv2.js:322:77)
    at process.processTicksAndRejections (node:internal/process/task_queues:105:5)
[error] 
[error] Error: Failed to get Firebase project inspiramais. Please make sure the project exists and your account has permission to access it.
